[1.893s] DEBUG:colcon:Command line arguments: ['/usr/bin/colcon', 'build', '--packages-select', 'driving']
[1.894s] DEBUG:colcon:Parsed command line arguments: Namespace(log_base=None, log_level=None, verb_name='build', build_base='build', install_base='install', merge_install=False, symlink_install=False, test_result_base=None, continue_on_error=False, executor='parallel', parallel_workers=4, event_handlers=None, ignore_user_meta=False, metas=['./colcon.meta'], base_paths=['.'], packages_ignore=None, packages_ignore_regex=None, paths=None, packages_up_to=None, packages_up_to_regex=None, packages_above=None, packages_above_and_dependencies=None, packages_above_depth=None, packages_select_by_dep=None, packages_skip_by_dep=None, packages_skip_up_to=None, packages_select_build_failed=False, packages_skip_build_finished=False, packages_select_test_failures=False, packages_skip_test_passed=False, packages_select=['driving'], packages_skip=None, packages_select_regex=None, packages_skip_regex=None, packages_start=None, packages_end=None, allow_overriding=[], cmake_args=None, cmake_target=None, cmake_target_skip_unavailable=False, cmake_clean_cache=False, cmake_clean_first=False, cmake_force_configure=False, ament_cmake_args=None, catkin_cmake_args=None, catkin_skip_building_tests=False, mixin_files=None, mixin=None, verb_parser=<colcon_mixin.mixin.mixin_argument.MixinArgumentDecorator object at 0xffff8112cc40>, verb_extension=<colcon_core.verb.build.BuildVerb object at 0xffff81255300>, main=<bound method BuildVerb.main of <colcon_core.verb.build.BuildVerb object at 0xffff81255300>>, mixin_verb=('build',))
[3.712s] Level 1:colcon.colcon_core.package_discovery:discover_packages(colcon_meta) check parameters
[3.712s] Level 1:colcon.colcon_core.package_discovery:discover_packages(recursive) check parameters
[3.712s] Level 1:colcon.colcon_core.package_discovery:discover_packages(ignore) check parameters
[3.712s] Level 1:colcon.colcon_core.package_discovery:discover_packages(path) check parameters
[3.713s] Level 1:colcon.colcon_core.package_discovery:discover_packages(colcon_meta) discover
[3.713s] Level 1:colcon.colcon_core.package_discovery:discover_packages(recursive) discover
[3.713s] INFO:colcon.colcon_core.package_discovery:Crawling recursively for packages in '/home/winston/ros2_humble/src/driving/driving'
[3.713s] Level 1:colcon.colcon_core.package_identification:_identify(.) by extensions ['ignore', 'ignore_ament_install']
[3.714s] Level 1:colcon.colcon_core.package_identification:_identify(.) by extension 'ignore'
[3.714s] Level 1:colcon.colcon_core.package_identification:_identify(.) by extension 'ignore_ament_install'
[3.714s] Level 1:colcon.colcon_core.package_identification:_identify(.) by extensions ['colcon_pkg']
[3.714s] Level 1:colcon.colcon_core.package_identification:_identify(.) by extension 'colcon_pkg'
[3.715s] Level 1:colcon.colcon_core.package_identification:_identify(.) by extensions ['colcon_meta']
[3.715s] Level 1:colcon.colcon_core.package_identification:_identify(.) by extension 'colcon_meta'
[3.715s] Level 1:colcon.colcon_core.package_identification:_identify(.) by extensions ['ros']
[3.715s] Level 1:colcon.colcon_core.package_identification:_identify(.) by extension 'ros'
[3.824s] Level 1:colcon.colcon_core.package_identification:_identify(.) by extensions ['cmake', 'python']
[3.825s] Level 1:colcon.colcon_core.package_identification:_identify(.) by extension 'cmake'
[3.825s] Level 1:colcon.colcon_core.package_identification:_identify(.) by extension 'python'
[3.825s] Level 1:colcon.colcon_core.package_identification:_identify(.) by extensions ['python_setup_py']
[3.825s] Level 1:colcon.colcon_core.package_identification:_identify(.) by extension 'python_setup_py'
[3.826s] Level 1:colcon.colcon_core.package_identification:_identify(build) by extensions ['ignore', 'ignore_ament_install']
[3.826s] Level 1:colcon.colcon_core.package_identification:_identify(build) by extension 'ignore'
[3.826s] Level 1:colcon.colcon_core.package_identification:_identify(build) ignored
[3.827s] Level 1:colcon.colcon_core.package_identification:_identify(install) by extensions ['ignore', 'ignore_ament_install']
[3.827s] Level 1:colcon.colcon_core.package_identification:_identify(install) by extension 'ignore'
[3.827s] Level 1:colcon.colcon_core.package_identification:_identify(install) ignored
[3.828s] Level 1:colcon.colcon_core.package_identification:_identify(log) by extensions ['ignore', 'ignore_ament_install']
[3.828s] Level 1:colcon.colcon_core.package_identification:_identify(log) by extension 'ignore'
[3.828s] Level 1:colcon.colcon_core.package_identification:_identify(log) ignored
[3.828s] Level 1:colcon.colcon_core.package_discovery:discover_packages(recursive) using defaults
[3.828s] Level 1:colcon.colcon_core.package_discovery:discover_packages(ignore) discover
[3.828s] Level 1:colcon.colcon_core.package_discovery:discover_packages(ignore) using defaults
[3.829s] Level 1:colcon.colcon_core.package_discovery:discover_packages(path) discover
[3.829s] Level 1:colcon.colcon_core.package_discovery:discover_packages(path) using defaults
[3.829s] WARNING:colcon.colcon_core.package_selection:ignoring unknown package 'driving' in --packages-select
[4.057s] Level 1:colcon.colcon_core.package_discovery:discover_packages(prefix_path) check parameters
[4.058s] Level 1:colcon.colcon_core.package_discovery:discover_packages(prefix_path) discover
[4.301s] DEBUG:colcon.colcon_installed_package_information.package_discovery:Found 346 installed packages in /home/winston/ros2_humble/install
[4.313s] Level 1:colcon.colcon_core.package_discovery:discover_packages(prefix_path) using defaults
[5.856s] INFO:colcon.colcon_core.executor:Executing jobs using 'parallel' executor
[5.860s] DEBUG:colcon.colcon_parallel_executor.executor.parallel:run_until_complete
[5.861s] DEBUG:colcon.colcon_parallel_executor.executor.parallel:closing loop
[5.861s] DEBUG:colcon.colcon_parallel_executor.executor.parallel:loop closed
[5.861s] DEBUG:colcon.colcon_parallel_executor.executor.parallel:run_until_complete finished with '0'
[5.861s] DEBUG:colcon.colcon_core.event_reactor:joining thread
[5.936s] INFO:colcon.colcon_core.plugin_system:Skipping extension 'colcon_notification.desktop_notification.notify_send': Could not find 'notify-send'
[5.936s] INFO:colcon.colcon_core.plugin_system:Skipping extension 'colcon_notification.desktop_notification.terminal_notifier': Not used on non-Darwin systems
[5.937s] INFO:colcon.colcon_core.plugin_system:Skipping extension 'colcon_notification.desktop_notification.win32': Not used on non-Windows systems
[5.937s] INFO:colcon.colcon_notification.desktop_notification:Sending desktop notification using 'notify2'
[6.072s] DEBUG:colcon.colcon_notification.desktop_notification.notify2:Failed to initialize notify2: org.freedesktop.DBus.Error.ServiceUnknown: The name org.freedesktop.Notifications was not provided by any .service files
[6.072s] DEBUG:colcon.colcon_core.event_reactor:joined thread
[6.111s] INFO:colcon.colcon_core.plugin_system:Skipping extension 'colcon_core.shell.bat': Not used on non-Windows systems
[6.112s] INFO:colcon.colcon_core.shell:Creating prefix script '/home/winston/ros2_humble/src/driving/driving/install/local_setup.ps1'
[6.117s] INFO:colcon.colcon_core.shell:Creating prefix util module '/home/winston/ros2_humble/src/driving/driving/install/_local_setup_util_ps1.py'
[6.124s] INFO:colcon.colcon_core.shell:Creating prefix chain script '/home/winston/ros2_humble/src/driving/driving/install/setup.ps1'
[6.221s] INFO:colcon.colcon_core.shell:Creating prefix script '/home/winston/ros2_humble/src/driving/driving/install/local_setup.sh'
[6.224s] INFO:colcon.colcon_core.shell:Creating prefix util module '/home/winston/ros2_humble/src/driving/driving/install/_local_setup_util_sh.py'
[6.225s] INFO:colcon.colcon_core.shell:Creating prefix chain script '/home/winston/ros2_humble/src/driving/driving/install/setup.sh'
[6.321s] INFO:colcon.colcon_core.shell:Creating prefix script '/home/winston/ros2_humble/src/driving/driving/install/local_setup.bash'
[6.324s] INFO:colcon.colcon_core.shell:Creating prefix chain script '/home/winston/ros2_humble/src/driving/driving/install/setup.bash'
[6.420s] INFO:colcon.colcon_core.shell:Creating prefix script '/home/winston/ros2_humble/src/driving/driving/install/local_setup.zsh'
[6.423s] INFO:colcon.colcon_core.shell:Creating prefix chain script '/home/winston/ros2_humble/src/driving/driving/install/setup.zsh'
